This is pdfTeX, Version 3.1415926-2.6-1.40.14 (TeX Live 2014/dev) (format=pdflatex 2016.1.16)  19 MAY 2016 15:25
entering extended mode
 restricted \write18 enabled.
 file:line:error style messages enabled.
 %&-line parsing enabled.
**pcalnote.tex
(./pcalnote.tex
LaTeX2e <2011/06/27>
Babel <3.9h> and hyphenation patterns for 77 languages loaded.
(/usr/share/texlive/texmf-dist/tex/latex/base/article.cls
Document Class: article 2007/10/19 v1.4h Standard LaTeX document class
(/usr/share/texlive/texmf-dist/tex/latex/base/size10.clo
File: size10.clo 2007/10/19 v1.4h Standard LaTeX file (size option)
)
\c@part=\count79
\c@section=\count80
\c@subsection=\count81
\c@subsubsection=\count82
\c@paragraph=\count83
\c@subparagraph=\count84
\c@figure=\count85
\c@table=\count86
\abovecaptionskip=\skip41
\belowcaptionskip=\skip42
\bibindent=\dimen102
)
(/usr/share/texlive/texmf-dist/tex/latex/base/inputenc.sty
Package: inputenc 2008/03/30 v1.1d Input encoding file
\inpenc@prehook=\toks14
\inpenc@posthook=\toks15

(/usr/share/texlive/texmf-dist/tex/latex/base/utf8.def
File: utf8.def 2008/04/05 v1.1m UTF-8 support for inputenc
Now handling font encoding OML ...
... no UTF-8 mapping file for font encoding OML
Now handling font encoding T1 ...
... processing UTF-8 mapping file for font encoding T1

(/usr/share/texlive/texmf-dist/tex/latex/base/t1enc.dfu
File: t1enc.dfu 2008/04/05 v1.1m UTF-8 support for inputenc
   defining Unicode char U+00A1 (decimal 161)
   defining Unicode char U+00A3 (decimal 163)
   defining Unicode char U+00AB (decimal 171)
   defining Unicode char U+00BB (decimal 187)
   defining Unicode char U+00BF (decimal 191)
   defining Unicode char U+00C0 (decimal 192)
   defining Unicode char U+00C1 (decimal 193)
   defining Unicode char U+00C2 (decimal 194)
   defining Unicode char U+00C3 (decimal 195)
   defining Unicode char U+00C4 (decimal 196)
   defining Unicode char U+00C5 (decimal 197)
   defining Unicode char U+00C6 (decimal 198)
   defining Unicode char U+00C7 (decimal 199)
   defining Unicode char U+00C8 (decimal 200)
   defining Unicode char U+00C9 (decimal 201)
   defining Unicode char U+00CA (decimal 202)
   defining Unicode char U+00CB (decimal 203)
   defining Unicode char U+00CC (decimal 204)
   defining Unicode char U+00CD (decimal 205)
   defining Unicode char U+00CE (decimal 206)
   defining Unicode char U+00CF (decimal 207)
   defining Unicode char U+00D0 (decimal 208)
   defining Unicode char U+00D1 (decimal 209)
   defining Unicode char U+00D2 (decimal 210)
   defining Unicode char U+00D3 (decimal 211)
   defining Unicode char U+00D4 (decimal 212)
   defining Unicode char U+00D5 (decimal 213)
   defining Unicode char U+00D6 (decimal 214)
   defining Unicode char U+00D8 (decimal 216)
   defining Unicode char U+00D9 (decimal 217)
   defining Unicode char U+00DA (decimal 218)
   defining Unicode char U+00DB (decimal 219)
   defining Unicode char U+00DC (decimal 220)
   defining Unicode char U+00DD (decimal 221)
   defining Unicode char U+00DE (decimal 222)
   defining Unicode char U+00DF (decimal 223)
   defining Unicode char U+00E0 (decimal 224)
   defining Unicode char U+00E1 (decimal 225)
   defining Unicode char U+00E2 (decimal 226)
   defining Unicode char U+00E3 (decimal 227)
   defining Unicode char U+00E4 (decimal 228)
   defining Unicode char U+00E5 (decimal 229)
   defining Unicode char U+00E6 (decimal 230)
   defining Unicode char U+00E7 (decimal 231)
   defining Unicode char U+00E8 (decimal 232)
   defining Unicode char U+00E9 (decimal 233)
   defining Unicode char U+00EA (decimal 234)
   defining Unicode char U+00EB (decimal 235)
   defining Unicode char U+00EC (decimal 236)
   defining Unicode char U+00ED (decimal 237)
   defining Unicode char U+00EE (decimal 238)
   defining Unicode char U+00EF (decimal 239)
   defining Unicode char U+00F0 (decimal 240)
   defining Unicode char U+00F1 (decimal 241)
   defining Unicode char U+00F2 (decimal 242)
   defining Unicode char U+00F3 (decimal 243)
   defining Unicode char U+00F4 (decimal 244)
   defining Unicode char U+00F5 (decimal 245)
   defining Unicode char U+00F6 (decimal 246)
   defining Unicode char U+00F8 (decimal 248)
   defining Unicode char U+00F9 (decimal 249)
   defining Unicode char U+00FA (decimal 250)
   defining Unicode char U+00FB (decimal 251)
   defining Unicode char U+00FC (decimal 252)
   defining Unicode char U+00FD (decimal 253)
   defining Unicode char U+00FE (decimal 254)
   defining Unicode char U+00FF (decimal 255)
   defining Unicode char U+0102 (decimal 258)
   defining Unicode char U+0103 (decimal 259)
   defining Unicode char U+0104 (decimal 260)
   defining Unicode char U+0105 (decimal 261)
   defining Unicode char U+0106 (decimal 262)
   defining Unicode char U+0107 (decimal 263)
   defining Unicode char U+010C (decimal 268)
   defining Unicode char U+010D (decimal 269)
   defining Unicode char U+010E (decimal 270)
   defining Unicode char U+010F (decimal 271)
   defining Unicode char U+0110 (decimal 272)
   defining Unicode char U+0111 (decimal 273)
   defining Unicode char U+0118 (decimal 280)
   defining Unicode char U+0119 (decimal 281)
   defining Unicode char U+011A (decimal 282)
   defining Unicode char U+011B (decimal 283)
   defining Unicode char U+011E (decimal 286)
   defining Unicode char U+011F (decimal 287)
   defining Unicode char U+0130 (decimal 304)
   defining Unicode char U+0131 (decimal 305)
   defining Unicode char U+0132 (decimal 306)
   defining Unicode char U+0133 (decimal 307)
   defining Unicode char U+0139 (decimal 313)
   defining Unicode char U+013A (decimal 314)
   defining Unicode char U+013D (decimal 317)
   defining Unicode char U+013E (decimal 318)
   defining Unicode char U+0141 (decimal 321)
   defining Unicode char U+0142 (decimal 322)
   defining Unicode char U+0143 (decimal 323)
   defining Unicode char U+0144 (decimal 324)
   defining Unicode char U+0147 (decimal 327)
   defining Unicode char U+0148 (decimal 328)
   defining Unicode char U+014A (decimal 330)
   defining Unicode char U+014B (decimal 331)
   defining Unicode char U+0150 (decimal 336)
   defining Unicode char U+0151 (decimal 337)
   defining Unicode char U+0152 (decimal 338)
   defining Unicode char U+0153 (decimal 339)
   defining Unicode char U+0154 (decimal 340)
   defining Unicode char U+0155 (decimal 341)
   defining Unicode char U+0158 (decimal 344)
   defining Unicode char U+0159 (decimal 345)
   defining Unicode char U+015A (decimal 346)
   defining Unicode char U+015B (decimal 347)
   defining Unicode char U+015E (decimal 350)
   defining Unicode char U+015F (decimal 351)
   defining Unicode char U+0160 (decimal 352)
   defining Unicode char U+0161 (decimal 353)
   defining Unicode char U+0162 (decimal 354)
   defining Unicode char U+0163 (decimal 355)
   defining Unicode char U+0164 (decimal 356)
   defining Unicode char U+0165 (decimal 357)
   defining Unicode char U+016E (decimal 366)
   defining Unicode char U+016F (decimal 367)
   defining Unicode char U+0170 (decimal 368)
   defining Unicode char U+0171 (decimal 369)
   defining Unicode char U+0178 (decimal 376)
   defining Unicode char U+0179 (decimal 377)
   defining Unicode char U+017A (decimal 378)
   defining Unicode char U+017B (decimal 379)
   defining Unicode char U+017C (decimal 380)
   defining Unicode char U+017D (decimal 381)
   defining Unicode char U+017E (decimal 382)
   defining Unicode char U+200C (decimal 8204)
   defining Unicode char U+2013 (decimal 8211)
   defining Unicode char U+2014 (decimal 8212)
   defining Unicode char U+2018 (decimal 8216)
   defining Unicode char U+2019 (decimal 8217)
   defining Unicode char U+201A (decimal 8218)
   defining Unicode char U+201C (decimal 8220)
   defining Unicode char U+201D (decimal 8221)
   defining Unicode char U+201E (decimal 8222)
   defining Unicode char U+2030 (decimal 8240)
   defining Unicode char U+2031 (decimal 8241)
   defining Unicode char U+2039 (decimal 8249)
   defining Unicode char U+203A (decimal 8250)
   defining Unicode char U+2423 (decimal 9251)
)
Now handling font encoding OT1 ...
... processing UTF-8 mapping file for font encoding OT1

(/usr/share/texlive/texmf-dist/tex/latex/base/ot1enc.dfu
File: ot1enc.dfu 2008/04/05 v1.1m UTF-8 support for inputenc
   defining Unicode char U+00A1 (decimal 161)
   defining Unicode char U+00A3 (decimal 163)
   defining Unicode char U+00B8 (decimal 184)
   defining Unicode char U+00BF (decimal 191)
   defining Unicode char U+00C5 (decimal 197)
   defining Unicode char U+00C6 (decimal 198)
   defining Unicode char U+00D8 (decimal 216)
   defining Unicode char U+00DF (decimal 223)
   defining Unicode char U+00E6 (decimal 230)
   defining Unicode char U+00EC (decimal 236)
   defining Unicode char U+00ED (decimal 237)
   defining Unicode char U+00EE (decimal 238)
   defining Unicode char U+00EF (decimal 239)
   defining Unicode char U+00F8 (decimal 248)
   defining Unicode char U+0131 (decimal 305)
   defining Unicode char U+0141 (decimal 321)
   defining Unicode char U+0142 (decimal 322)
   defining Unicode char U+0152 (decimal 338)
   defining Unicode char U+0153 (decimal 339)
   defining Unicode char U+2013 (decimal 8211)
   defining Unicode char U+2014 (decimal 8212)
   defining Unicode char U+2018 (decimal 8216)
   defining Unicode char U+2019 (decimal 8217)
   defining Unicode char U+201C (decimal 8220)
   defining Unicode char U+201D (decimal 8221)
)
Now handling font encoding OMS ...
... processing UTF-8 mapping file for font encoding OMS

(/usr/share/texlive/texmf-dist/tex/latex/base/omsenc.dfu
File: omsenc.dfu 2008/04/05 v1.1m UTF-8 support for inputenc
   defining Unicode char U+00A7 (decimal 167)
   defining Unicode char U+00B6 (decimal 182)
   defining Unicode char U+00B7 (decimal 183)
   defining Unicode char U+2020 (decimal 8224)
   defining Unicode char U+2021 (decimal 8225)
   defining Unicode char U+2022 (decimal 8226)
)
Now handling font encoding OMX ...
... no UTF-8 mapping file for font encoding OMX
Now handling font encoding U ...
... no UTF-8 mapping file for font encoding U
   defining Unicode char U+00A9 (decimal 169)
   defining Unicode char U+00AA (decimal 170)
   defining Unicode char U+00AE (decimal 174)
   defining Unicode char U+00BA (decimal 186)
   defining Unicode char U+02C6 (decimal 710)
   defining Unicode char U+02DC (decimal 732)
   defining Unicode char U+200C (decimal 8204)
   defining Unicode char U+2026 (decimal 8230)
   defining Unicode char U+2122 (decimal 8482)
   defining Unicode char U+2423 (decimal 9251)
))
(/usr/share/texlive/texmf-dist/tex/latex/tocloft/tocloft.sty
Package: tocloft 2013/05/02 v2.3f parameterised ToC, etc., typesetting
Package tocloft Info: The document has section divisions on input line 44.
\cftparskip=\skip43
\cftbeforetoctitleskip=\skip44
\cftaftertoctitleskip=\skip45
\cftbeforepartskip=\skip46
\cftpartnumwidth=\skip47
\cftpartindent=\skip48
\cftbeforesecskip=\skip49
\cftsecindent=\skip50
\cftsecnumwidth=\skip51
\cftbeforesubsecskip=\skip52
\cftsubsecindent=\skip53
\cftsubsecnumwidth=\skip54
\cftbeforesubsubsecskip=\skip55
\cftsubsubsecindent=\skip56
\cftsubsubsecnumwidth=\skip57
\cftbeforeparaskip=\skip58
\cftparaindent=\skip59
\cftparanumwidth=\skip60
\cftbeforesubparaskip=\skip61
\cftsubparaindent=\skip62
\cftsubparanumwidth=\skip63
\cftbeforeloftitleskip=\skip64
\cftafterloftitleskip=\skip65
\cftbeforefigskip=\skip66
\cftfigindent=\skip67
\cftfignumwidth=\skip68
\c@lofdepth=\count87
\c@lotdepth=\count88
\cftbeforelottitleskip=\skip69
\cftafterlottitleskip=\skip70
\cftbeforetabskip=\skip71
\cfttabindent=\skip72
\cfttabnumwidth=\skip73
)
(/usr/share/texlive/texmf-dist/tex/latex/url/url.sty
\Urlmuskip=\muskip10
Package: url 2006/04/12  ver 3.3  Verb mode for urls, etc.
)
(/usr/share/texlive/texmf-dist/tex/latex/geometry/geometry.sty
Package: geometry 2010/09/12 v5.6 Page Geometry

(/usr/share/texlive/texmf-dist/tex/latex/graphics/keyval.sty
Package: keyval 1999/03/16 v1.13 key=value parser (DPC)
\KV@toks@=\toks16
)
(/usr/share/texlive/texmf-dist/tex/generic/oberdiek/ifpdf.sty
Package: ifpdf 2011/01/30 v2.3 Provides the ifpdf switch (HO)
Package ifpdf Info: pdfTeX in PDF mode is detected.
)
(/usr/share/texlive/texmf-dist/tex/generic/oberdiek/ifvtex.sty
Package: ifvtex 2010/03/01 v1.5 Detect VTeX and its facilities (HO)
Package ifvtex Info: VTeX not detected.
)
(/usr/share/texlive/texmf-dist/tex/generic/ifxetex/ifxetex.sty
Package: ifxetex 2010/09/12 v0.6 Provides ifxetex conditional
)
\Gm@cnth=\count89
\Gm@cntv=\count90
\c@Gm@tempcnt=\count91
\Gm@bindingoffset=\dimen103
\Gm@wd@mp=\dimen104
\Gm@odd@mp=\dimen105
\Gm@even@mp=\dimen106
\Gm@layoutwidth=\dimen107
\Gm@layoutheight=\dimen108
\Gm@layouthoffset=\dimen109
\Gm@layoutvoffset=\dimen110
\Gm@dimlist=\toks17
)
(/usr/share/texlive/texmf-dist/tex/latex/graphics/graphicx.sty
Package: graphicx 1999/02/16 v1.0f Enhanced LaTeX Graphics (DPC,SPQR)

(/usr/share/texlive/texmf-dist/tex/latex/graphics/graphics.sty
Package: graphics 2009/02/05 v1.0o Standard LaTeX Graphics (DPC,SPQR)

(/usr/share/texlive/texmf-dist/tex/latex/graphics/trig.sty
Package: trig 1999/03/16 v1.09 sin cos tan (DPC)
)
(/usr/share/texlive/texmf-dist/tex/latex/latexconfig/graphics.cfg
File: graphics.cfg 2010/04/23 v1.9 graphics configuration of TeX Live
)
Package graphics Info: Driver file: pdftex.def on input line 91.

(/usr/share/texlive/texmf-dist/tex/latex/pdftex-def/pdftex.def
File: pdftex.def 2011/05/27 v0.06d Graphics/color for pdfTeX

(/usr/share/texlive/texmf-dist/tex/generic/oberdiek/infwarerr.sty
Package: infwarerr 2010/04/08 v1.3 Providing info/warning/error messages (HO)
)
(/usr/share/texlive/texmf-dist/tex/generic/oberdiek/ltxcmds.sty
Package: ltxcmds 2011/11/09 v1.22 LaTeX kernel commands for general use (HO)
)
\Gread@gobject=\count92
))
\Gin@req@height=\dimen111
\Gin@req@width=\dimen112
)
(/usr/share/texlive/texmf-dist/tex/latex/oberdiek/epstopdf.sty
Package: epstopdf 2010/02/09 v2.5 Conversion with epstopdf on the fly (HO)

(/usr/share/texlive/texmf-dist/tex/latex/oberdiek/epstopdf-base.sty
Package: epstopdf-base 2010/02/09 v2.5 Base part for package epstopdf

(/usr/share/texlive/texmf-dist/tex/latex/oberdiek/grfext.sty
Package: grfext 2010/08/19 v1.1 Manage graphics extensions (HO)

(/usr/share/texlive/texmf-dist/tex/generic/oberdiek/kvdefinekeys.sty
Package: kvdefinekeys 2011/04/07 v1.3 Define keys (HO)
))
(/usr/share/texlive/texmf-dist/tex/latex/oberdiek/kvoptions.sty
Package: kvoptions 2011/06/30 v3.11 Key value format for package options (HO)

(/usr/share/texlive/texmf-dist/tex/generic/oberdiek/kvsetkeys.sty
Package: kvsetkeys 2012/04/25 v1.16 Key value parser (HO)

(/usr/share/texlive/texmf-dist/tex/generic/oberdiek/etexcmds.sty
Package: etexcmds 2011/02/16 v1.5 Avoid name clashes with e-TeX commands (HO)

(/usr/share/texlive/texmf-dist/tex/generic/oberdiek/ifluatex.sty
Package: ifluatex 2010/03/01 v1.3 Provides the ifluatex switch (HO)
Package ifluatex Info: LuaTeX not detected.
)
Package etexcmds Info: Could not find \expanded.
(etexcmds)             That can mean that you are not using pdfTeX 1.50 or
(etexcmds)             that some package has redefined \expanded.
(etexcmds)             In the latter case, load this package earlier.
)))
(/usr/share/texlive/texmf-dist/tex/generic/oberdiek/pdftexcmds.sty
Package: pdftexcmds 2011/11/29 v0.20 Utility functions of pdfTeX for LuaTeX (HO
)
Package pdftexcmds Info: LuaTeX not detected.
Package pdftexcmds Info: \pdf@primitive is available.
Package pdftexcmds Info: \pdf@ifprimitive is available.
Package pdftexcmds Info: \pdfdraftmode found.
)
Package grfext Info: Graphics extension search list:
(grfext)             [.png,.pdf,.jpg,.mps,.jpeg,.jbig2,.jb2,.PNG,.PDF,.JPG,.JPE
G,.JBIG2,.JB2,.eps]
(grfext)             \AppendGraphicsExtensions on input line 452.

(/usr/share/texlive/texmf-dist/tex/latex/latexconfig/epstopdf-sys.cfg
File: epstopdf-sys.cfg 2010/07/13 v1.3 Configuration of (r)epstopdf for TeX Liv
e
)))
(/usr/share/texlive/texmf-dist/tex/latex/sectsty/sectsty.sty
Package: sectsty 2002/02/25 v2.0.2 Commands to change all sectional heading sty
les
)
(/usr/share/texlive/texmf-dist/tex/latex/chngcntr/chngcntr.sty
Package: chngcntr 2009/09/02 v1.0a change counter resetting
)
(/usr/share/texlive/texmf-dist/tex/latex/placeins/placeins.sty
Package: placeins 2005/04/18  v 2.2
)
(/usr/share/texlive/texmf-dist/tex/latex/caption/caption.sty
Package: caption 2013/05/02 v3.3-89 Customizing captions (AR)

(/usr/share/texlive/texmf-dist/tex/latex/caption/caption3.sty
Package: caption3 2013/05/02 v1.6-88 caption3 kernel (AR)
Package caption3 Info: TeX engine: e-TeX on input line 57.
\captionmargin=\dimen113
\captionmargin@=\dimen114
\captionwidth=\dimen115
\caption@tempdima=\dimen116
\caption@indent=\dimen117
\caption@parindent=\dimen118
\caption@hangindent=\dimen119
)
\c@ContinuedFloat=\count93
)
(/usr/share/texlive/texmf-dist/tex/latex/caption/subcaption.sty
Package: subcaption 2013/02/03 v1.1-62 Sub-captions (AR)
\c@subfigure=\count94
\c@subtable=\count95
)
(/usr/share/texlive/texmf-dist/tex/latex/amsmath/amsmath.sty
Package: amsmath 2013/01/14 v2.14 AMS math features
\@mathmargin=\skip74

For additional information on amsmath, use the `?' option.
(/usr/share/texlive/texmf-dist/tex/latex/amsmath/amstext.sty
Package: amstext 2000/06/29 v2.01

(/usr/share/texlive/texmf-dist/tex/latex/amsmath/amsgen.sty
File: amsgen.sty 1999/11/30 v2.0
\@emptytoks=\toks18
\ex@=\dimen120
))
(/usr/share/texlive/texmf-dist/tex/latex/amsmath/amsbsy.sty
Package: amsbsy 1999/11/29 v1.2d
\pmbraise@=\dimen121
)
(/usr/share/texlive/texmf-dist/tex/latex/amsmath/amsopn.sty
Package: amsopn 1999/12/14 v2.01 operator names
)
\inf@bad=\count96
LaTeX Info: Redefining \frac on input line 210.
\uproot@=\count97
\leftroot@=\count98
LaTeX Info: Redefining \overline on input line 306.
\classnum@=\count99
\DOTSCASE@=\count100
LaTeX Info: Redefining \ldots on input line 378.
LaTeX Info: Redefining \dots on input line 381.
LaTeX Info: Redefining \cdots on input line 466.
\Mathstrutbox@=\box26
\strutbox@=\box27
\big@size=\dimen122
LaTeX Font Info:    Redeclaring font encoding OML on input line 566.
LaTeX Font Info:    Redeclaring font encoding OMS on input line 567.
\macc@depth=\count101
\c@MaxMatrixCols=\count102
\dotsspace@=\muskip11
\c@parentequation=\count103
\dspbrk@lvl=\count104
\tag@help=\toks19
\row@=\count105
\column@=\count106
\maxfields@=\count107
\andhelp@=\toks20
\eqnshift@=\dimen123
\alignsep@=\dimen124
\tagshift@=\dimen125
\tagwidth@=\dimen126
\totwidth@=\dimen127
\lineht@=\dimen128
\@envbody=\toks21
\multlinegap=\skip75
\multlinetaggap=\skip76
\mathdisplay@stack=\toks22
LaTeX Info: Redefining \[ on input line 2665.
LaTeX Info: Redefining \] on input line 2666.
)
(/usr/share/texlive/texmf-dist/tex/latex/tools/verbatim.sty
Package: verbatim 2003/08/22 v1.5q LaTeX2e package for verbatim enhancements
\every@verbatim=\toks23
\verbatim@line=\toks24
\verbatim@in@stream=\read1
)
(/usr/share/texlive/texmf-dist/tex/latex/graphics/color.sty
Package: color 2005/11/14 v1.0j Standard LaTeX Color (DPC)

(/usr/share/texlive/texmf-dist/tex/latex/latexconfig/color.cfg
File: color.cfg 2007/01/18 v1.5 color configuration of teTeX/TeXLive
)
Package color Info: Driver file: pdftex.def on input line 130.
)
(./pcalnote.aux

LaTeX Warning: Label `fig:allustrips' multiply defined.

)
\openout1 = `pcalnote.aux'.

LaTeX Font Info:    Checking defaults for OML/cmm/m/it on input line 29.
LaTeX Font Info:    ... okay on input line 29.
LaTeX Font Info:    Checking defaults for T1/cmr/m/n on input line 29.
LaTeX Font Info:    ... okay on input line 29.
LaTeX Font Info:    Checking defaults for OT1/cmr/m/n on input line 29.
LaTeX Font Info:    ... okay on input line 29.
LaTeX Font Info:    Checking defaults for OMS/cmsy/m/n on input line 29.
LaTeX Font Info:    ... okay on input line 29.
LaTeX Font Info:    Checking defaults for OMX/cmex/m/n on input line 29.
LaTeX Font Info:    ... okay on input line 29.
LaTeX Font Info:    Checking defaults for U/cmr/m/n on input line 29.
LaTeX Font Info:    ... okay on input line 29.

*geometry* driver: auto-detecting
*geometry* detected driver: pdftex
*geometry* verbose mode - [ preamble ] result:
* driver: pdftex
* paper: letterpaper
* layout: <same size as paper>
* layoutoffset:(h,v)=(0.0pt,0.0pt)
* modes: 
* h-part:(L,W,R)=(57.81621pt, 498.66258pt, 57.81621pt)
* v-part:(T,H,B)=(57.81621pt, 679.33757pt, 57.81621pt)
* \paperwidth=614.295pt
* \paperheight=794.96999pt
* \textwidth=498.66258pt
* \textheight=679.33757pt
* \oddsidemargin=-14.45378pt
* \evensidemargin=-14.45378pt
* \topmargin=-51.45378pt
* \headheight=12.0pt
* \headsep=25.0pt
* \topskip=10.0pt
* \footskip=30.0pt
* \marginparwidth=65.0pt
* \marginparsep=11.0pt
* \columnsep=10.0pt
* \skip\footins=9.0pt plus 4.0pt minus 2.0pt
* \hoffset=0.0pt
* \voffset=0.0pt
* \mag=1000
* \@twocolumnfalse
* \@twosidefalse
* \@mparswitchfalse
* \@reversemarginfalse
* (1in=72.27pt=25.4mm, 1cm=28.453pt)

(/usr/share/texlive/texmf-dist/tex/context/base/supp-pdf.mkii
[Loading MPS to PDF converter (version 2006.09.02).]
\scratchcounter=\count108
\scratchdimen=\dimen129
\scratchbox=\box28
\nofMPsegments=\count109
\nofMParguments=\count110
\everyMPshowfont=\toks25
\MPscratchCnt=\count111
\MPscratchDim=\dimen130
\MPnumerator=\count112
\makeMPintoPDFobject=\count113
\everyMPtoPDFconversion=\toks26
)
Package caption Info: Begin \AtBeginDocument code.
Package caption Info: End \AtBeginDocument code.
 (./pcalnote.toc)
\tf@toc=\write3
\openout3 = `pcalnote.toc'.

 [1

{/usr/share/texlive/texmf-dist/fonts/map/pdftex/updmap/pdftex.map}] [2] (./Desi
gn.tex
<./Figures/Pcal_geom_fig1.png, id=16, 453.3738pt x 353.1594pt>
File: ./Figures/Pcal_geom_fig1.png Graphic file (type png)

<use ./Figures/Pcal_geom_fig1.png>
Package pdftex.def Info: ./Figures/Pcal_geom_fig1.png used on input line 9.
(pdftex.def)             Requested size: 361.34999pt x 281.49323pt.

<./Figures/Pcal_geom_fig5.png, id=18, 468.0687pt x 270.7716pt>
File: ./Figures/Pcal_geom_fig5.png Graphic file (type png)

<use ./Figures/Pcal_geom_fig5.png>
Package pdftex.def Info: ./Figures/Pcal_geom_fig5.png used on input line 23.
(pdftex.def)             Requested size: 361.34999pt x 209.03601pt.


LaTeX Warning: `h' float specifier changed to `ht'.

[3

 <./Figures/Pcal_geom_fig1.png>]
Package epstopdf Info: Source file: <./Figures/PMTreadout.eps>
(epstopdf)                    date: 2016-05-19 10:03:56
(epstopdf)                    size: 201969 bytes
(epstopdf)             Output file: <./Figures/PMTreadout-eps-converted-to.pdf>

(epstopdf)                    date: 2016-05-19 10:06:33
(epstopdf)                    size: 65090 bytes
(epstopdf)             Command: <repstopdf --outfile=./Figures/PMTreadout-eps-c
onverted-to.pdf ./Figures/PMTreadout.eps>
(epstopdf)             \includegraphics on input line 43.
Package epstopdf Info: Output file is already uptodate.

<./Figures/PMTreadout-eps-converted-to.pdf, id=23, 796.9775pt x 597.23125pt>
File: ./Figures/PMTreadout-eps-converted-to.pdf Graphic file (type pdf)

<use ./Figures/PMTreadout-eps-converted-to.pdf>
Package pdftex.def Info: ./Figures/PMTreadout-eps-converted-to.pdf used on inpu
t line 43.
(pdftex.def)             Requested size: 325.215pt x 243.69992pt.
 [4 <./Figures/Pcal_geom_fig5.png> <./Figures/PMTreadout-eps-converted-to.pdf>]

<./Figures/PCAL_pixel_screenshot.png, id=31, 1220.56pt x 892.33376pt>
File: ./Figures/PCAL_pixel_screenshot.png Graphic file (type png)

<use ./Figures/PCAL_pixel_screenshot.png>
Package pdftex.def Info: ./Figures/PCAL_pixel_screenshot.png used on input line
 60.
(pdftex.def)             Requested size: 216.81pt x 158.50269pt.

<./Figures/PCAL_UW_screenshot.png, id=32, 1222.5675pt x 895.345pt>
File: ./Figures/PCAL_UW_screenshot.png Graphic file (type png)

<use ./Figures/PCAL_UW_screenshot.png>
Package pdftex.def Info: ./Figures/PCAL_UW_screenshot.png used on input line 66
.
(pdftex.def)             Requested size: 216.81pt x 158.77798pt.

<./Figures/PCAL_UV_screenshot.png, id=33, 1219.55624pt x 892.33376pt>
File: ./Figures/PCAL_UV_screenshot.png Graphic file (type png)

<use ./Figures/PCAL_UV_screenshot.png>
Package pdftex.def Info: ./Figures/PCAL_UV_screenshot.png used on input line 74
.
(pdftex.def)             Requested size: 216.81pt x 158.62523pt.

<./Figures/PCAL_WU_screenshot.png, id=34, 1221.56375pt x 890.32625pt>
File: ./Figures/PCAL_WU_screenshot.png Graphic file (type png)

<use ./Figures/PCAL_WU_screenshot.png>
Package pdftex.def Info: ./Figures/PCAL_WU_screenshot.png used on input line 82
.
(pdftex.def)             Requested size: 216.81pt x 158.01024pt.
 [5 <./Figures/PCAL_pixel_screenshot.png> <./Figures/PCAL_UW_screenshot.png> <.
/Figures/PCAL_UV_screenshot.png> <./Figures/PCAL_WU_screenshot.png>]) (./Variou
sCuts.tex
<./Figures/dalitz.jpg, id=38, 493.845pt x 352.31625pt>
File: ./Figures/dalitz.jpg Graphic file (type jpg)

<use ./Figures/dalitz.jpg>
Package pdftex.def Info: ./Figures/dalitz.jpg used on input line 66.
(pdftex.def)             Requested size: 303.90501pt x 216.81pt.


LaTeX Warning: `h' float specifier changed to `ht'.

[6

] <./Figures/unphysical.jpg, id=46, 790.955pt x 670.505pt>
File: ./Figures/unphysical.jpg Graphic file (type jpg)

<use ./Figures/unphysical.jpg>
Package pdftex.def Info: ./Figures/unphysical.jpg used on input line 83.
(pdftex.def)             Requested size: 219.41275pt x 186.00084pt.

<./Figures/pixelmap.jpg, id=47, 569.12625pt x 482.80376pt>
File: ./Figures/pixelmap.jpg Graphic file (type jpg)

<use ./Figures/pixelmap.jpg>
Package pdftex.def Info: ./Figures/pixelmap.jpg used on input line 90.
(pdftex.def)             Requested size: 219.41275pt x 186.13419pt.

<./Figures/occupationnum.png, id=48, 358.82056pt x 144.90135pt>
File: ./Figures/occupationnum.png Graphic file (type png)

<use ./Figures/occupationnum.png>
Package pdftex.def Info: ./Figures/occupationnum.png used on input line 100.
(pdftex.def)             Requested size: 433.62pt x 175.11006pt.


LaTeX Warning: `h' float specifier changed to `ht'.

[7 <./Figures/dalitz.jpg> <./Figures/unphysical.jpg> <./Figures/pixelmap.jpg>])
(./FitADC.tex
Package epstopdf Info: Source file: <./Figures/trapezoidUWintersection.eps>
(epstopdf)                    date: 2016-05-19 08:39:17
(epstopdf)                    size: 14141 bytes
(epstopdf)             Output file: <./Figures/trapezoidUWintersection-eps-conv
erted-to.pdf>
(epstopdf)                    date: 2016-05-19 08:39:23
(epstopdf)                    size: 10313 bytes
(epstopdf)             Command: <repstopdf --outfile=./Figures/trapezoidUWinter
section-eps-converted-to.pdf ./Figures/trapezoidUWintersection.eps>
(epstopdf)             \includegraphics on input line 22.
Package epstopdf Info: Output file is already uptodate.

<./Figures/trapezoidUWintersection-eps-converted-to.pdf, id=53, 796.9775pt x 59
7.23125pt>
File: ./Figures/trapezoidUWintersection-eps-converted-to.pdf Graphic file (type
 pdf)
 <use ./Figures/trapezoidUWintersection-eps-converted-to.pdf>
Package pdftex.def Info: ./Figures/trapezoidUWintersection-eps-converted-to.pdf
 used on input line 22.
(pdftex.def)             Requested size: 216.81pt x 162.46661pt.

<./Figures/distribution.png, id=54, 741.77126pt x 545.03625pt>
File: ./Figures/distribution.png Graphic file (type png)

<use ./Figures/distribution.png>
Package pdftex.def Info: ./Figures/distribution.png used on input line 35.
(pdftex.def)             Requested size: 289.07999pt x 212.41359pt.
 [8 <./Figures/occupationnum.png> <./Figures/trapezoidUWintersection-eps-conver
ted-to.pdf>]
<./Figures/allstrip67.png, id=64, 1046.91125pt x 868.24374pt>
File: ./Figures/allstrip67.png Graphic file (type png)

<use ./Figures/allstrip67.png>
Package pdftex.def Info: ./Figures/allstrip67.png used on input line 46.
(pdftex.def)             Requested size: 433.62pt x 359.61227pt.


LaTeX Warning: `h' float specifier changed to `ht'.

[9 <./Figures/distribution.png>] [10 <./Figures/allstrip67.png>] [11]
LaTeX Font Info:    Try loading font information for OMS+cmr on input line 94.

(/usr/share/texlive/texmf-dist/tex/latex/base/omscmr.fd
File: omscmr.fd 1999/05/25 v2.5h Standard LaTeX font definitions
)
LaTeX Font Info:    Font shape `OMS/cmr/m/n' in size <10> not available
(Font)              Font shape `OMS/cmsy/m/n' tried instead on input line 94.
Package epstopdf Info: Source file: <./Figures/pass0.eps>
(epstopdf)                    date: 2016-05-02 11:18:45
(epstopdf)                    size: 77220 bytes
(epstopdf)             Output file: <./Figures/pass0-eps-converted-to.pdf>
(epstopdf)                    date: 2016-05-02 11:18:45
(epstopdf)                    size: 20077 bytes
(epstopdf)             Command: <repstopdf --outfile=./Figures/pass0-eps-conver
ted-to.pdf ./Figures/pass0.eps>
(epstopdf)             \includegraphics on input line 104.
Package epstopdf Info: Output file is already uptodate.

<./Figures/pass0-eps-converted-to.pdf, id=76, 569.12625pt x 282.05376pt>
File: ./Figures/pass0-eps-converted-to.pdf Graphic file (type pdf)

<use ./Figures/pass0-eps-converted-to.pdf>
Package pdftex.def Info: ./Figures/pass0-eps-converted-to.pdf used on input lin
e 104.
(pdftex.def)             Requested size: 401.02565pt x 198.7425pt.
Package epstopdf Info: Source file: <./Figures/atpass0.eps>
(epstopdf)                    date: 2016-05-02 11:18:45
(epstopdf)                    size: 60085 bytes
(epstopdf)             Output file: <./Figures/atpass0-eps-converted-to.pdf>
(epstopdf)                    date: 2016-05-02 11:18:45
(epstopdf)                    size: 31918 bytes
(epstopdf)             Command: <repstopdf --outfile=./Figures/atpass0-eps-conv
erted-to.pdf ./Figures/atpass0.eps>
(epstopdf)             \includegraphics on input line 112.
Package epstopdf Info: Output file is already uptodate.

<./Figures/atpass0-eps-converted-to.pdf, id=77, 569.12625pt x 282.05376pt>
File: ./Figures/atpass0-eps-converted-to.pdf Graphic file (type pdf)

<use ./Figures/atpass0-eps-converted-to.pdf>
Package pdftex.def Info: ./Figures/atpass0-eps-converted-to.pdf used on input l
ine 112.
(pdftex.def)             Requested size: 401.02565pt x 198.7425pt.
 [12

 <./Figures/pass0-eps-converted-to.pdf> <./Figures/atpass0-eps-converted-to.pdf
>]
Package epstopdf Info: Source file: <./Figures/pass1.eps>
(epstopdf)                    date: 2016-05-02 11:18:45
(epstopdf)                    size: 64948 bytes
(epstopdf)             Output file: <./Figures/pass1-eps-converted-to.pdf>
(epstopdf)                    date: 2016-05-02 11:18:45
(epstopdf)                    size: 18487 bytes
(epstopdf)             Command: <repstopdf --outfile=./Figures/pass1-eps-conver
ted-to.pdf ./Figures/pass1.eps>
(epstopdf)             \includegraphics on input line 137.
Package epstopdf Info: Output file is already uptodate.

<./Figures/pass1-eps-converted-to.pdf, id=95, 569.12625pt x 282.05376pt>
File: ./Figures/pass1-eps-converted-to.pdf Graphic file (type pdf)

<use ./Figures/pass1-eps-converted-to.pdf>
Package pdftex.def Info: ./Figures/pass1-eps-converted-to.pdf used on input lin
e 137.
(pdftex.def)             Requested size: 401.02565pt x 198.7425pt.
Package epstopdf Info: Source file: <./Figures/atpass1.eps>
(epstopdf)                    date: 2016-05-02 11:18:45
(epstopdf)                    size: 60819 bytes
(epstopdf)             Output file: <./Figures/atpass1-eps-converted-to.pdf>
(epstopdf)                    date: 2016-05-02 11:18:45
(epstopdf)                    size: 32232 bytes
(epstopdf)             Command: <repstopdf --outfile=./Figures/atpass1-eps-conv
erted-to.pdf ./Figures/atpass1.eps>
(epstopdf)             \includegraphics on input line 145.
Package epstopdf Info: Output file is already uptodate.

<./Figures/atpass1-eps-converted-to.pdf, id=96, 569.12625pt x 282.05376pt>
File: ./Figures/atpass1-eps-converted-to.pdf Graphic file (type pdf)

<use ./Figures/atpass1-eps-converted-to.pdf>
Package pdftex.def Info: ./Figures/atpass1-eps-converted-to.pdf used on input l
ine 145.
(pdftex.def)             Requested size: 401.02565pt x 198.7425pt.
 [13

 <./Figures/pass1-eps-converted-to.pdf> <./Figures/atpass1-eps-converted-to.pdf
>]
Package epstopdf Info: Source file: <./Figures/pass2.eps>
(epstopdf)                    date: 2016-05-02 11:18:45
(epstopdf)                    size: 62805 bytes
(epstopdf)             Output file: <./Figures/pass2-eps-converted-to.pdf>
(epstopdf)                    date: 2016-05-02 11:18:45
(epstopdf)                    size: 17207 bytes
(epstopdf)             Command: <repstopdf --outfile=./Figures/pass2-eps-conver
ted-to.pdf ./Figures/pass2.eps>
(epstopdf)             \includegraphics on input line 172.
Package epstopdf Info: Output file is already uptodate.

<./Figures/pass2-eps-converted-to.pdf, id=115, 569.12625pt x 282.05376pt>
File: ./Figures/pass2-eps-converted-to.pdf Graphic file (type pdf)

<use ./Figures/pass2-eps-converted-to.pdf>
Package pdftex.def Info: ./Figures/pass2-eps-converted-to.pdf used on input lin
e 172.
(pdftex.def)             Requested size: 401.02565pt x 198.7425pt.
Package epstopdf Info: Source file: <./Figures/atpass2.eps>
(epstopdf)                    date: 2016-05-02 11:18:45
(epstopdf)                    size: 59668 bytes
(epstopdf)             Output file: <./Figures/atpass2-eps-converted-to.pdf>
(epstopdf)                    date: 2016-05-02 11:18:45
(epstopdf)                    size: 31446 bytes
(epstopdf)             Command: <repstopdf --outfile=./Figures/atpass2-eps-conv
erted-to.pdf ./Figures/atpass2.eps>
(epstopdf)             \includegraphics on input line 180.
Package epstopdf Info: Output file is already uptodate.

<./Figures/atpass2-eps-converted-to.pdf, id=116, 569.12625pt x 282.05376pt>
File: ./Figures/atpass2-eps-converted-to.pdf Graphic file (type pdf)

<use ./Figures/atpass2-eps-converted-to.pdf>
Package pdftex.def Info: ./Figures/atpass2-eps-converted-to.pdf used on input l
ine 180.
(pdftex.def)             Requested size: 401.02565pt x 198.7425pt.
 [14

 <./Figures/pass2-eps-converted-to.pdf> <./Figures/atpass2-eps-converted-to.pdf
>]
Package epstopdf Info: Source file: <./Figures/pass3.eps>
(epstopdf)                    date: 2016-05-02 11:18:45
(epstopdf)                    size: 63792 bytes
(epstopdf)             Output file: <./Figures/pass3-eps-converted-to.pdf>
(epstopdf)                    date: 2016-05-02 11:18:45
(epstopdf)                    size: 17834 bytes
(epstopdf)             Command: <repstopdf --outfile=./Figures/pass3-eps-conver
ted-to.pdf ./Figures/pass3.eps>
(epstopdf)             \includegraphics on input line 206.
Package epstopdf Info: Output file is already uptodate.

<./Figures/pass3-eps-converted-to.pdf, id=134, 569.12625pt x 282.05376pt>
File: ./Figures/pass3-eps-converted-to.pdf Graphic file (type pdf)

<use ./Figures/pass3-eps-converted-to.pdf>
Package pdftex.def Info: ./Figures/pass3-eps-converted-to.pdf used on input lin
e 206.
(pdftex.def)             Requested size: 401.02565pt x 198.7425pt.
Package epstopdf Info: Source file: <./Figures/atpass3.eps>
(epstopdf)                    date: 2016-05-02 11:18:45
(epstopdf)                    size: 60200 bytes
(epstopdf)             Output file: <./Figures/atpass3-eps-converted-to.pdf>
(epstopdf)                    date: 2016-05-02 11:18:45
(epstopdf)                    size: 31722 bytes
(epstopdf)             Command: <repstopdf --outfile=./Figures/atpass3-eps-conv
erted-to.pdf ./Figures/atpass3.eps>
(epstopdf)             \includegraphics on input line 214.
Package epstopdf Info: Output file is already uptodate.

<./Figures/atpass3-eps-converted-to.pdf, id=135, 569.12625pt x 282.05376pt>
File: ./Figures/atpass3-eps-converted-to.pdf Graphic file (type pdf)

<use ./Figures/atpass3-eps-converted-to.pdf>
Package pdftex.def Info: ./Figures/atpass3-eps-converted-to.pdf used on input l
ine 214.
(pdftex.def)             Requested size: 401.02565pt x 198.7425pt.
 [15

 <./Figures/pass3-eps-converted-to.pdf> <./Figures/atpass3-eps-converted-to.pdf
>]
Package epstopdf Info: Source file: <./Figures/pass4.eps>
(epstopdf)                    date: 2016-05-02 11:18:45
(epstopdf)                    size: 64344 bytes
(epstopdf)             Output file: <./Figures/pass4-eps-converted-to.pdf>
(epstopdf)                    date: 2016-05-02 11:18:45
(epstopdf)                    size: 18170 bytes
(epstopdf)             Command: <repstopdf --outfile=./Figures/pass4-eps-conver
ted-to.pdf ./Figures/pass4.eps>
(epstopdf)             \includegraphics on input line 239.
Package epstopdf Info: Output file is already uptodate.

<./Figures/pass4-eps-converted-to.pdf, id=153, 569.12625pt x 282.05376pt>
File: ./Figures/pass4-eps-converted-to.pdf Graphic file (type pdf)

<use ./Figures/pass4-eps-converted-to.pdf>
Package pdftex.def Info: ./Figures/pass4-eps-converted-to.pdf used on input lin
e 239.
(pdftex.def)             Requested size: 401.02565pt x 198.7425pt.
Package epstopdf Info: Source file: <./Figures/atpass4.eps>
(epstopdf)                    date: 2016-05-02 11:18:45
(epstopdf)                    size: 60328 bytes
(epstopdf)             Output file: <./Figures/atpass4-eps-converted-to.pdf>
(epstopdf)                    date: 2016-05-02 11:18:45
(epstopdf)                    size: 31826 bytes
(epstopdf)             Command: <repstopdf --outfile=./Figures/atpass4-eps-conv
erted-to.pdf ./Figures/atpass4.eps>
(epstopdf)             \includegraphics on input line 246.
Package epstopdf Info: Output file is already uptodate.

<./Figures/atpass4-eps-converted-to.pdf, id=154, 569.12625pt x 282.05376pt>
File: ./Figures/atpass4-eps-converted-to.pdf Graphic file (type pdf)

<use ./Figures/atpass4-eps-converted-to.pdf>
Package pdftex.def Info: ./Figures/atpass4-eps-converted-to.pdf used on input l
ine 246.
(pdftex.def)             Requested size: 401.02565pt x 198.7425pt.
 [16

 <./Figures/pass4-eps-converted-to.pdf> <./Figures/atpass4-eps-converted-to.pdf
>]
Package epstopdf Info: Source file: <./Figures/pass5.eps>
(epstopdf)                    date: 2016-05-02 11:18:45
(epstopdf)                    size: 64686 bytes
(epstopdf)             Output file: <./Figures/pass5-eps-converted-to.pdf>
(epstopdf)                    date: 2016-05-02 11:18:45
(epstopdf)                    size: 18363 bytes
(epstopdf)             Command: <repstopdf --outfile=./Figures/pass5-eps-conver
ted-to.pdf ./Figures/pass5.eps>
(epstopdf)             \includegraphics on input line 273.
Package epstopdf Info: Output file is already uptodate.

<./Figures/pass5-eps-converted-to.pdf, id=172, 569.12625pt x 282.05376pt>
File: ./Figures/pass5-eps-converted-to.pdf Graphic file (type pdf)

<use ./Figures/pass5-eps-converted-to.pdf>
Package pdftex.def Info: ./Figures/pass5-eps-converted-to.pdf used on input lin
e 273.
(pdftex.def)             Requested size: 401.02565pt x 198.7425pt.
Package epstopdf Info: Source file: <./Figures/atpass5.eps>
(epstopdf)                    date: 2016-05-02 11:18:45
(epstopdf)                    size: 60304 bytes
(epstopdf)             Output file: <./Figures/atpass5-eps-converted-to.pdf>
(epstopdf)                    date: 2016-05-02 11:18:45
(epstopdf)                    size: 31745 bytes
(epstopdf)             Command: <repstopdf --outfile=./Figures/atpass5-eps-conv
erted-to.pdf ./Figures/atpass5.eps>
(epstopdf)             \includegraphics on input line 281.
Package epstopdf Info: Output file is already uptodate.

<./Figures/atpass5-eps-converted-to.pdf, id=173, 569.12625pt x 282.05376pt>
File: ./Figures/atpass5-eps-converted-to.pdf Graphic file (type pdf)

<use ./Figures/atpass5-eps-converted-to.pdf>
Package pdftex.def Info: ./Figures/atpass5-eps-converted-to.pdf used on input l
ine 281.
(pdftex.def)             Requested size: 401.02565pt x 198.7425pt.
Package epstopdf Info: Source file: <./Figures/nocutsIsum.eps>
(epstopdf)                    date: 2016-05-02 11:18:45
(epstopdf)                    size: 14456 bytes
(epstopdf)             Output file: <./Figures/nocutsIsum-eps-converted-to.pdf>

(epstopdf)                    date: 2016-05-02 11:18:45
(epstopdf)                    size: 10892 bytes
(epstopdf)             Command: <repstopdf --outfile=./Figures/nocutsIsum-eps-c
onverted-to.pdf ./Figures/nocutsIsum.eps>
(epstopdf)             \includegraphics on input line 295.
Package epstopdf Info: Output file is already uptodate.

<./Figures/nocutsIsum-eps-converted-to.pdf, id=174, 569.12625pt x 344.28625pt>
File: ./Figures/nocutsIsum-eps-converted-to.pdf Graphic file (type pdf)

<use ./Figures/nocutsIsum-eps-converted-to.pdf>
Package pdftex.def Info: ./Figures/nocutsIsum-eps-converted-to.pdf used on inpu
t line 295.
(pdftex.def)             Requested size: 149.6003pt x 90.49994pt.
Package epstopdf Info: Source file: <./Figures/3sigcutIsum.eps>
(epstopdf)                    date: 2016-05-02 11:18:44
(epstopdf)                    size: 14310 bytes
(epstopdf)             Output file: <./Figures/3sigcutIsum-eps-converted-to.pdf
>
(epstopdf)                    date: 2016-05-02 11:18:44
(epstopdf)                    size: 10866 bytes
(epstopdf)             Command: <repstopdf --outfile=./Figures/3sigcutIsum-eps-
converted-to.pdf ./Figures/3sigcutIsum.eps>
(epstopdf)             \includegraphics on input line 302.
Package epstopdf Info: Output file is already uptodate.

<./Figures/3sigcutIsum-eps-converted-to.pdf, id=175, 569.12625pt x 344.28625pt>
File: ./Figures/3sigcutIsum-eps-converted-to.pdf Graphic file (type pdf)
<use ./Figures/3sigcutIsum-eps-converted-to.pdf>
Package pdftex.def Info: ./Figures/3sigcutIsum-eps-converted-to.pdf used on inp
ut line 302.
(pdftex.def)             Requested size: 149.6003pt x 90.49994pt.

Underfull \hbox (badness 1742) in paragraph at lines 303--303
[]\OT1/cmr/m/n/9 (b) |Sum of all ini-tial in-ten-si-ties.
 []

Package epstopdf Info: Source file: <./Figures/allcutsIsum.eps>
(epstopdf)                    date: 2016-05-02 11:18:44
(epstopdf)                    size: 10967 bytes
(epstopdf)             Output file: <./Figures/allcutsIsum-eps-converted-to.pdf
>
(epstopdf)                    date: 2016-05-02 11:18:44
(epstopdf)                    size: 8774 bytes
(epstopdf)             Command: <repstopdf --outfile=./Figures/allcutsIsum-eps-
converted-to.pdf ./Figures/allcutsIsum.eps>
(epstopdf)             \includegraphics on input line 309.
Package epstopdf Info: Output file is already uptodate.

<./Figures/allcutsIsum-eps-converted-to.pdf, id=176, 569.12625pt x 344.28625pt>
File: ./Figures/allcutsIsum-eps-converted-to.pdf Graphic file (type pdf)
<use ./Figures/allcutsIsum-eps-converted-to.pdf>
Package pdftex.def Info: ./Figures/allcutsIsum-eps-converted-to.pdf used on inp
ut line 309.
(pdftex.def)             Requested size: 149.6003pt x 90.49994pt.

Underfull \hbox (badness 2020) in paragraph at lines 310--310
[]\OT1/cmr/m/n/9 (c) |Sum of all ini-tial in-ten-si-ties.
 []


LaTeX Warning: `h' float specifier changed to `ht'.

[17

 <./Figures/pass5-eps-converted-to.pdf> <./Figures/atpass5-eps-converted-to.pdf
>]
Package epstopdf Info: Source file: <./Figures/w61sigfitpass0.eps>
(epstopdf)                    date: 2016-05-02 11:18:45
(epstopdf)                    size: 842105 bytes
(epstopdf)             Output file: <./Figures/w61sigfitpass0-eps-converted-to.
pdf>
(epstopdf)                    date: 2016-05-02 11:18:45
(epstopdf)                    size: 121799 bytes
(epstopdf)             Command: <repstopdf --outfile=./Figures/w61sigfitpass0-e
ps-converted-to.pdf ./Figures/w61sigfitpass0.eps>
(epstopdf)             \includegraphics on input line 328.
Package epstopdf Info: Output file is already uptodate.

<./Figures/w61sigfitpass0-eps-converted-to.pdf, id=195, 429.605pt x 739.76375pt
>
File: ./Figures/w61sigfitpass0-eps-converted-to.pdf Graphic file (type pdf)
 <use ./Figures/w61sigfitpass0-eps-converted-to.pdf>
Package pdftex.def Info: ./Figures/w61sigfitpass0-eps-converted-to.pdf used on 
input line 328.
(pdftex.def)             Requested size: 335.75917pt x 578.16476pt.


LaTeX Warning: `h' float specifier changed to `ht'.

Package epstopdf Info: Source file: <./Figures/w61sigfitpass5.eps>
(epstopdf)                    date: 2016-05-02 11:18:45
(epstopdf)                    size: 697768 bytes
(epstopdf)             Output file: <./Figures/w61sigfitpass5-eps-converted-to.
pdf>
(epstopdf)                    date: 2016-05-02 11:18:45
(epstopdf)                    size: 100320 bytes
(epstopdf)             Command: <repstopdf --outfile=./Figures/w61sigfitpass5-e
ps-converted-to.pdf ./Figures/w61sigfitpass5.eps>
(epstopdf)             \includegraphics on input line 335.
Package epstopdf Info: Output file is already uptodate.

<./Figures/w61sigfitpass5-eps-converted-to.pdf, id=196, 429.605pt x 739.76375pt
>
File: ./Figures/w61sigfitpass5-eps-converted-to.pdf Graphic file (type pdf)
 <use ./Figures/w61sigfitpass5-eps-converted-to.pdf>
Package pdftex.def Info: ./Figures/w61sigfitpass5-eps-converted-to.pdf used on 
input line 335.
(pdftex.def)             Requested size: 335.75917pt x 578.16476pt.


LaTeX Warning: `h' float specifier changed to `ht'.

[18 <./Figures/nocutsIsum-eps-converted-to.pdf> <./Figures/3sigcutIsum-eps-conv
erted-to.pdf> <./Figures/allcutsIsum-eps-converted-to.pdf>] [19 <./Figures/w61s
igfitpass0-eps-converted-to.pdf>] [20 <./Figures/w61sigfitpass5-eps-converted-t
o.pdf>]) (./LightAtt.tex
<./Figures/lowqualitydiagram.jpg, id=240, 578.16pt x 578.16pt>
File: ./Figures/lowqualitydiagram.jpg Graphic file (type jpg)

<use ./Figures/lowqualitydiagram.jpg>
Package pdftex.def Info: ./Figures/lowqualitydiagram.jpg used on input line 21.

(pdftex.def)             Requested size: 216.80946pt x 216.81pt.

<./Figures/exponetial67.png, id=241, 698.61pt x 475.7775pt>
File: ./Figures/exponetial67.png Graphic file (type png)

<use ./Figures/exponetial67.png>
Package pdftex.def Info: ./Figures/exponetial67.png used on input line 53.
(pdftex.def)             Requested size: 199.46198pt x 135.83755pt.

<./Figures/exponetialwfib67.png, id=242, 698.61pt x 475.7775pt>
File: ./Figures/exponetialwfib67.png Graphic file (type png)

<use ./Figures/exponetialwfib67.png>
Package pdftex.def Info: ./Figures/exponetialwfib67.png used on input line 59.
(pdftex.def)             Requested size: 199.46198pt x 135.83755pt.


LaTeX Warning: `h' float specifier changed to `ht'.

[21

 <./Figures/lowqualitydiagram.jpg>]
Package epstopdf Info: Source file: <./Figures/allustrips.eps>
(epstopdf)                    date: 2016-05-02 11:18:44
(epstopdf)                    size: 604344 bytes
(epstopdf)             Output file: <./Figures/allustrips-eps-converted-to.pdf>

(epstopdf)                    date: 2016-05-02 11:18:44
(epstopdf)                    size: 245849 bytes
(epstopdf)             Command: <repstopdf --outfile=./Figures/allustrips-eps-c
onverted-to.pdf ./Figures/allustrips.eps>
(epstopdf)             \includegraphics on input line 133.
Package epstopdf Info: Output file is already uptodate.

<./Figures/allustrips-eps-converted-to.pdf, id=250, 429.605pt x 739.76375pt>
File: ./Figures/allustrips-eps-converted-to.pdf Graphic file (type pdf)

<use ./Figures/allustrips-eps-converted-to.pdf>
Package pdftex.def Info: ./Figures/allustrips-eps-converted-to.pdf used on inpu
t line 133.
(pdftex.def)             Requested size: 335.75917pt x 578.16476pt.


LaTeX Warning: `h' float specifier changed to `ht'.

[22 <./Figures/exponetial67.png> <./Figures/exponetialwfib67.png>] [23 <./Figur
es/allustrips-eps-converted-to.pdf>]
Package epstopdf Info: Source file: <./Figures/allvstrips.eps>
(epstopdf)                    date: 2016-05-02 11:18:44
(epstopdf)                    size: 590127 bytes
(epstopdf)             Output file: <./Figures/allvstrips-eps-converted-to.pdf>

(epstopdf)                    date: 2016-05-02 11:18:44
(epstopdf)                    size: 242874 bytes
(epstopdf)             Command: <repstopdf --outfile=./Figures/allvstrips-eps-c
onverted-to.pdf ./Figures/allvstrips.eps>
(epstopdf)             \includegraphics on input line 144.
Package epstopdf Info: Output file is already uptodate.

<./Figures/allvstrips-eps-converted-to.pdf, id=266, 429.605pt x 739.76375pt>
File: ./Figures/allvstrips-eps-converted-to.pdf Graphic file (type pdf)

<use ./Figures/allvstrips-eps-converted-to.pdf>
Package pdftex.def Info: ./Figures/allvstrips-eps-converted-to.pdf used on inpu
t line 144.
(pdftex.def)             Requested size: 335.75917pt x 578.16476pt.


LaTeX Warning: `h' float specifier changed to `ht'.

[24 <./Figures/allvstrips-eps-converted-to.pdf>]
Package epstopdf Info: Source file: <./Figures/allwstrips.eps>
(epstopdf)                    date: 2016-05-02 11:18:45
(epstopdf)                    size: 585774 bytes
(epstopdf)             Output file: <./Figures/allwstrips-eps-converted-to.pdf>

(epstopdf)                    date: 2016-05-02 11:29:02
(epstopdf)                    size: 241617 bytes
(epstopdf)             Command: <repstopdf --outfile=./Figures/allwstrips-eps-c
onverted-to.pdf ./Figures/allwstrips.eps>
(epstopdf)             \includegraphics on input line 157.
Package epstopdf Info: Output file is already uptodate.

<./Figures/allwstrips-eps-converted-to.pdf, id=275, 429.605pt x 739.76375pt>
File: ./Figures/allwstrips-eps-converted-to.pdf Graphic file (type pdf)

<use ./Figures/allwstrips-eps-converted-to.pdf>
Package pdftex.def Info: ./Figures/allwstrips-eps-converted-to.pdf used on inpu
t line 157.
(pdftex.def)             Requested size: 335.75917pt x 578.16476pt.


LaTeX Warning: `h' float specifier changed to `ht'.

[25 <./Figures/allwstrips-eps-converted-to.pdf>]

LaTeX Warning: `h' float specifier changed to `ht'.


LaTeX Warning: `h' float specifier changed to `ht'.


LaTeX Warning: `h' float specifier changed to `ht'.

[26] [27] [28]

LaTeX Warning: `h' float specifier changed to `ht'.

) (./Studies.tex [29]
Package epstopdf Info: Source file: <./Figures/ustrip3.eps>
(epstopdf)                    date: 2016-05-02 11:18:45
(epstopdf)                    size: 68930 bytes
(epstopdf)             Output file: <./Figures/ustrip3-eps-converted-to.pdf>
(epstopdf)                    date: 2016-05-02 11:18:45
(epstopdf)                    size: 18140 bytes
(epstopdf)             Command: <repstopdf --outfile=./Figures/ustrip3-eps-conv
erted-to.pdf ./Figures/ustrip3.eps>
(epstopdf)             \includegraphics on input line 33.
Package epstopdf Info: Output file is already uptodate.

<./Figures/ustrip3-eps-converted-to.pdf, id=297, 569.12625pt x 387.4475pt>
File: ./Figures/ustrip3-eps-converted-to.pdf Graphic file (type pdf)

<use ./Figures/ustrip3-eps-converted-to.pdf>
Package pdftex.def Info: ./Figures/ustrip3-eps-converted-to.pdf used on input l
ine 33.
(pdftex.def)             Requested size: 199.46198pt x 135.79192pt.
Package epstopdf Info: Source file: <./Figures/ustrip4.eps>
(epstopdf)                    date: 2016-05-02 11:18:45
(epstopdf)                    size: 71782 bytes
(epstopdf)             Output file: <./Figures/ustrip4-eps-converted-to.pdf>
(epstopdf)                    date: 2016-05-02 11:18:45
(epstopdf)                    size: 18432 bytes
(epstopdf)             Command: <repstopdf --outfile=./Figures/ustrip4-eps-conv
erted-to.pdf ./Figures/ustrip4.eps>
(epstopdf)             \includegraphics on input line 39.
Package epstopdf Info: Output file is already uptodate.

<./Figures/ustrip4-eps-converted-to.pdf, id=298, 569.12625pt x 387.4475pt>
File: ./Figures/ustrip4-eps-converted-to.pdf Graphic file (type pdf)

<use ./Figures/ustrip4-eps-converted-to.pdf>
Package pdftex.def Info: ./Figures/ustrip4-eps-converted-to.pdf used on input l
ine 39.
(pdftex.def)             Requested size: 199.46198pt x 135.79192pt.
Package epstopdf Info: Source file: <./Figures/ustrip5.eps>
(epstopdf)                    date: 2016-05-02 11:18:45
(epstopdf)                    size: 77627 bytes
(epstopdf)             Output file: <./Figures/ustrip5-eps-converted-to.pdf>
(epstopdf)                    date: 2016-05-02 11:18:45
(epstopdf)                    size: 19814 bytes
(epstopdf)             Command: <repstopdf --outfile=./Figures/ustrip5-eps-conv
erted-to.pdf ./Figures/ustrip5.eps>
(epstopdf)             \includegraphics on input line 45.
Package epstopdf Info: Output file is already uptodate.

<./Figures/ustrip5-eps-converted-to.pdf, id=299, 569.12625pt x 387.4475pt>
File: ./Figures/ustrip5-eps-converted-to.pdf Graphic file (type pdf)

<use ./Figures/ustrip5-eps-converted-to.pdf>
Package pdftex.def Info: ./Figures/ustrip5-eps-converted-to.pdf used on input l
ine 45.
(pdftex.def)             Requested size: 199.46198pt x 135.79192pt.
Package epstopdf Info: Source file: <./Figures/ustrip6.eps>
(epstopdf)                    date: 2016-05-02 11:18:45
(epstopdf)                    size: 83985 bytes
(epstopdf)             Output file: <./Figures/ustrip6-eps-converted-to.pdf>
(epstopdf)                    date: 2016-05-02 11:18:45
(epstopdf)                    size: 20804 bytes
(epstopdf)             Command: <repstopdf --outfile=./Figures/ustrip6-eps-conv
erted-to.pdf ./Figures/ustrip6.eps>
(epstopdf)             \includegraphics on input line 51.
Package epstopdf Info: Output file is already uptodate.

<./Figures/ustrip6-eps-converted-to.pdf, id=300, 569.12625pt x 387.4475pt>
File: ./Figures/ustrip6-eps-converted-to.pdf Graphic file (type pdf)

<use ./Figures/ustrip6-eps-converted-to.pdf>
Package pdftex.def Info: ./Figures/ustrip6-eps-converted-to.pdf used on input l
ine 51.
(pdftex.def)             Requested size: 199.46198pt x 135.79192pt.
Package epstopdf Info: Source file: <./Figures/ustrip7.eps>
(epstopdf)                    date: 2016-05-02 11:18:45
(epstopdf)                    size: 89623 bytes
(epstopdf)             Output file: <./Figures/ustrip7-eps-converted-to.pdf>
(epstopdf)                    date: 2016-05-02 11:18:45
(epstopdf)                    size: 21792 bytes
(epstopdf)             Command: <repstopdf --outfile=./Figures/ustrip7-eps-conv
erted-to.pdf ./Figures/ustrip7.eps>
(epstopdf)             \includegraphics on input line 57.
Package epstopdf Info: Output file is already uptodate.

<./Figures/ustrip7-eps-converted-to.pdf, id=301, 569.12625pt x 387.4475pt>
File: ./Figures/ustrip7-eps-converted-to.pdf Graphic file (type pdf)

<use ./Figures/ustrip7-eps-converted-to.pdf>
Package pdftex.def Info: ./Figures/ustrip7-eps-converted-to.pdf used on input l
ine 57.
(pdftex.def)             Requested size: 199.46198pt x 135.79192pt.
Package epstopdf Info: Source file: <./Figures/ustrip8.eps>
(epstopdf)                    date: 2016-05-02 11:18:45
(epstopdf)                    size: 93260 bytes
(epstopdf)             Output file: <./Figures/ustrip8-eps-converted-to.pdf>
(epstopdf)                    date: 2016-05-02 11:18:45
(epstopdf)                    size: 22463 bytes
(epstopdf)             Command: <repstopdf --outfile=./Figures/ustrip8-eps-conv
erted-to.pdf ./Figures/ustrip8.eps>
(epstopdf)             \includegraphics on input line 63.
Package epstopdf Info: Output file is already uptodate.

<./Figures/ustrip8-eps-converted-to.pdf, id=302, 569.12625pt x 387.4475pt>
File: ./Figures/ustrip8-eps-converted-to.pdf Graphic file (type pdf)

<use ./Figures/ustrip8-eps-converted-to.pdf>
Package pdftex.def Info: ./Figures/ustrip8-eps-converted-to.pdf used on input l
ine 63.
(pdftex.def)             Requested size: 199.46198pt x 135.79192pt.
 [30





] [31 <./Figures/ustrip3-eps-converted-to.pdf> <./Figures/ustrip4-eps-converted
-to.pdf> <./Figures/ustrip5-eps-converted-to.pdf> <./Figures/ustrip6-eps-conver
ted-to.pdf> <./Figures/ustrip7-eps-converted-to.pdf> <./Figures/ustrip8-eps-con
verted-to.pdf>])
(./Simulation.tex <./Figures/gcard.png, id=365, 1828.8325pt x 979.66pt>
File: ./Figures/gcard.png Graphic file (type png)

<use ./Figures/gcard.png>
Package pdftex.def Info: ./Figures/gcard.png used on input line 15.
(pdftex.def)             Requested size: 505.89pt x 270.98439pt.

Overfull \hbox (7.22742pt too wide) in paragraph at lines 15--17
 [][] 
 []

[32 <./Figures/gcard.png>]
<./Figures/expfit_U51.png, id=371, 614.295pt x 455.7025pt>
File: ./Figures/expfit_U51.png Graphic file (type png)

<use ./Figures/expfit_U51.png>
Package pdftex.def Info: ./Figures/expfit_U51.png used on input line 63.
(pdftex.def)             Requested size: 219.41275pt x 162.76637pt.

<./Figures/expfit_U52.png, id=372, 613.29124pt x 459.7175pt>
File: ./Figures/expfit_U52.png Graphic file (type png)

<use ./Figures/expfit_U52.png>
Package pdftex.def Info: ./Figures/expfit_U52.png used on input line 70.
(pdftex.def)             Requested size: 219.41275pt x 164.46701pt.

<./Figures/expfit_U53.png, id=373, 620.3175pt x 454.69875pt>
File: ./Figures/expfit_U53.png Graphic file (type png)

<use ./Figures/expfit_U53.png>
Package pdftex.def Info: ./Figures/expfit_U53.png used on input line 77.
(pdftex.def)             Requested size: 219.41275pt x 160.82597pt.

<./Figures/expfit_U54.png, id=374, 619.31375pt x 457.71pt>
File: ./Figures/expfit_U54.png Graphic file (type png)

<use ./Figures/expfit_U54.png>
Package pdftex.def Info: ./Figures/expfit_U54.png used on input line 84.
(pdftex.def)             Requested size: 219.41275pt x 162.15645pt.

<./Figures/expfit_U55.png, id=375, 616.3025pt x 460.72125pt>
File: ./Figures/expfit_U55.png Graphic file (type png)

<use ./Figures/expfit_U55.png>
Package pdftex.def Info: ./Figures/expfit_U55.png used on input line 97.
(pdftex.def)             Requested size: 219.41275pt x 164.01765pt.

<./Figures/expfit_U56.png, id=376, 616.3025pt x 458.71375pt>
File: ./Figures/expfit_U56.png Graphic file (type png)

<use ./Figures/expfit_U56.png>
Package pdftex.def Info: ./Figures/expfit_U56.png used on input line 104.
(pdftex.def)             Requested size: 219.41275pt x 163.30298pt.

<./Figures/expfit_U57.png, id=377, 615.29875pt x 459.7175pt>
File: ./Figures/expfit_U57.png Graphic file (type png)

<use ./Figures/expfit_U57.png>
Package pdftex.def Info: ./Figures/expfit_U57.png used on input line 111.
(pdftex.def)             Requested size: 219.41275pt x 163.92686pt.

<./Figures/expfit_U58.png, id=378, 613.29124pt x 454.69875pt>
File: ./Figures/expfit_U58.png Graphic file (type png)

<use ./Figures/expfit_U58.png>
Package pdftex.def Info: ./Figures/expfit_U58.png used on input line 118.
(pdftex.def)             Requested size: 219.41275pt x 162.67151pt.

<./Figures/expfit_U59.png, id=379, 614.295pt x 459.7175pt>
File: ./Figures/expfit_U59.png Graphic file (type png)

<use ./Figures/expfit_U59.png>
Package pdftex.def Info: ./Figures/expfit_U59.png used on input line 125.
(pdftex.def)             Requested size: 219.41275pt x 164.20044pt.

<./Figures/expfit_U60.png, id=380, 617.30624pt x 460.72125pt>
File: ./Figures/expfit_U60.png Graphic file (type png)

<use ./Figures/expfit_U60.png>
Package pdftex.def Info: ./Figures/expfit_U60.png used on input line 132.
(pdftex.def)             Requested size: 219.41275pt x 163.75754pt.


LaTeX Warning: `h' float specifier changed to `ht'.

[33 <./Figures/expfit_U51.png> <./Figures/expfit_U52.png> <./Figures/expfit_U53
.png> <./Figures/expfit_U54.png>] [34 <./Figures/expfit_U55.png> <./Figures/exp
fit_U56.png> <./Figures/expfit_U57.png> <./Figures/expfit_U58.png> <./Figures/e
xpfit_U59.png> <./Figures/expfit_U60.png>]

LaTeX Warning: `h' float specifier changed to `ht'.


LaTeX Warning: `h' float specifier changed to `ht'.


LaTeX Warning: `h' float specifier changed to `ht'.

[35

] [36] [37] [38]) (./Reproducibility.tex) (./Bibliography.tex) [39

]
(./pcalnote.aux)

LaTeX Warning: There were multiply-defined labels.

 ) 
Here is how much of TeX's memory you used:
 4843 strings out of 493321
 76103 string characters out of 6140423
 209738 words of memory out of 5000000
 8126 multiletter control sequences out of 15000+600000
 11150 words of font info for 41 fonts, out of 8000000 for 9000
 953 hyphenation exceptions out of 8191
 42i,16n,38p,416b,485s stack positions out of 5000i,500n,10000p,200000b,80000s
</usr/share/texlive/texmf-dist/fonts/type1/public/amsfonts/cm/cmbx10.pfb></us
r/share/texlive/texmf-dist/fonts/type1/public/amsfonts/cm/cmbx12.pfb></usr/shar
e/texlive/texmf-dist/fonts/type1/public/amsfonts/cm/cmbx9.pfb></usr/share/texli
ve/texmf-dist/fonts/type1/public/amsfonts/cm/cmex10.pfb></usr/share/texlive/tex
mf-dist/fonts/type1/public/amsfonts/cm/cmitt10.pfb></usr/share/texlive/texmf-di
st/fonts/type1/public/amsfonts/cm/cmmi10.pfb></usr/share/texlive/texmf-dist/fon
ts/type1/public/amsfonts/cm/cmmi5.pfb></usr/share/texlive/texmf-dist/fonts/type
1/public/amsfonts/cm/cmmi6.pfb></usr/share/texlive/texmf-dist/fonts/type1/publi
c/amsfonts/cm/cmmi7.pfb></usr/share/texlive/texmf-dist/fonts/type1/public/amsfo
nts/cm/cmmi9.pfb></usr/share/texlive/texmf-dist/fonts/type1/public/amsfonts/cm/
cmr10.pfb></usr/share/texlive/texmf-dist/fonts/type1/public/amsfonts/cm/cmr12.p
fb></usr/share/texlive/texmf-dist/fonts/type1/public/amsfonts/cm/cmr17.pfb></us
r/share/texlive/texmf-dist/fonts/type1/public/amsfonts/cm/cmr5.pfb></usr/share/
texlive/texmf-dist/fonts/type1/public/amsfonts/cm/cmr7.pfb></usr/share/texlive/
texmf-dist/fonts/type1/public/amsfonts/cm/cmr8.pfb></usr/share/texlive/texmf-di
st/fonts/type1/public/amsfonts/cm/cmr9.pfb></usr/share/texlive/texmf-dist/fonts
/type1/public/amsfonts/cm/cmsy10.pfb></usr/share/texlive/texmf-dist/fonts/type1
/public/amsfonts/cm/cmsy6.pfb></usr/share/texlive/texmf-dist/fonts/type1/public
/amsfonts/cm/cmsy7.pfb></usr/share/texlive/texmf-dist/fonts/type1/public/amsfon
ts/cm/cmti10.pfb></usr/share/texlive/texmf-dist/fonts/type1/public/amsfonts/cm/
cmtt10.pfb>
Output written on pcalnote.pdf (39 pages, 6609548 bytes).
PDF statistics:
 476 PDF objects out of 1000 (max. 8388607)
 306 compressed objects within 4 object streams
 0 named destinations out of 1000 (max. 500000)
 271 words of extra memory for PDF output out of 10000 (max. 10000000)

